BUILD: Examining e:\crark\crarksys directory for files to compile.
before AssemblyIdentity_AfterReadAllSources
after AssemblyIdentity_AfterReadAllSources
skipping post pass 0 command
Compiling and Linking e:\crark\crarksys *************
'nmake.exe /nologo BUILDMSG=Stop. -i BUILD_PASS=PASS2 LINKONLY=1 NOPASS0=1 MAKEDIR_RELATIVE_TO_BASEDIR= MAKEDIR_LOWERCASE=e:\crark\crarksys'
e:\crark\crarksys: TARGETPATH is obj
	link.exe /out:objchk_wlh_x86\i386\CrArkSys.sys /machine:ix86 @C:\DOCUME~1\Owner\LOCALS~1\Temp\nm24F.tmp
Microsoft (R) Incremental Linker Version 8.00.50727.220
Copyright (C) Microsoft Corporation.  All rights reserved.

/MERGE:_PAGE=PAGE 
/MERGE:_TEXT=.text 
/SECTION:INIT,d 
/OPT:REF 
/OPT:ICF 
/IGNORE:4198,4010,4037,4039,4065,4070,4078,4087,4089,4221 
/INCREMENTAL:NO 
/FULLBUILD 
/release 
/NODEFAULTLIB 
/WX 
/debug 
/debugtype:cv 
/version:6.0 
/osversion:6.0 
/functionpadmin:5 
/safeseh 
/debug 
/debugtype:cv,fixup 
/pdbcompress 
/STACK:0x40000,0x1000 
/driver 
/base:0x10000 
/subsystem:native,6.00 
/entry:GsDriverEntry@8 
/out:objchk_wlh_x86\i386\CrArkSys.sys 
objchk_wlh_x86\i386\crarksys.obj 
objchk_wlh_x86\i386\hashtable.obj 
objchk_wlh_x86\i386\enviroment.obj 
objchk_wlh_x86\i386\ade32.obj 
objchk_wlh_x86\i386\procenum.obj 
objchk_wlh_x86\i386\query.obj 
objchk_wlh_x86\i386\helper.obj 
C:\WinDDK\6000\lib\wlh\i386\BufferOverflowK.lib 
C:\WinDDK\6000\lib\wlh\i386\ntoskrnl.lib 
C:\WinDDK\6000\lib\wlh\i386\hal.lib 
C:\WinDDK\6000\lib\wlh\i386\wmilib.lib 
