BUILD: Examining e:\crark\crarksys directory for files to compile.
before AssemblyIdentity_AfterReadAllSources
after AssemblyIdentity_AfterReadAllSources
skipping post pass 0 command
Compiling and Linking e:\crark\crarksys *************
'nmake.exe /nologo BUILDMSG=Stop. -i BUILD_PASS=PASS2 LINKONLY=1 NOPASS0=1 MAKEDIR_RELATIVE_TO_BASEDIR= MAKEDIR_LOWERCASE=e:\crark\crarksys'
e:\crark\crarksys: TARGETPATH is obj
    rc -l 409 -DSXS_PROCESSOR_ARCHITECTURE="""x86"""  -DSXS_TARGET="""CrArkSys.sys"""   -DSYSTEM_COMPATIBLE_ASSEMBLY_NAME="""Microsoft.Windows.SystemCompatible"""  -DLSYSTEM_COMPATIBLE_ASSEMBLY_NAME=L"""Microsoft.Windows.SystemCompatible"""   -DSXS_ASSEMBLY_VERSION=""""""  /r /fo objfre_wlh_x86\i386\crarksys.res /D_X86_=1 /Di386=1  /DSTD_CALL /DCONDITION_HANDLING=1   /DNT_INST=0 /DWIN32=100 /D_NT1X_=100 /DWINNT=1 /D_WIN32_WINNT=0x0600 /DWINVER=0x0600 /D_WIN32_IE=0x0700    /DWIN32_LEAN_AND_MEAN=1 /DDEVL=1 /D__BUILDMACHINE__=WinDDK /DFPO=0  /DNDEBUG /D_DLL=1 /DNDEBUG  /DNTDDI_VERSION=0x06000000   /Ie:\crark\crarksys\objfre_wlh_x86\i386 /IC:\WinDDK\6000\inc\api /IC:\WinDDK\6000\inc\api /IC:\WinDDK\6000\inc\ddk /IC:\WinDDK\6000\inc\ddk /IC:\WinDDK\6000\inc\crt .\crarksys.rc
Microsoft (R) Windows (R) Resource Compiler Version 6.0.5724.0
Copyright (C) Microsoft Corporation.  All rights reserved.

	link.exe /out:objfre_wlh_x86\i386\CrArkSys.sys /machine:ix86 @C:\DOCUME~1\Owner\LOCALS~1\Temp\nm144.tmp
Microsoft (R) Incremental Linker Version 8.00.50727.220
Copyright (C) Microsoft Corporation.  All rights reserved.

/MERGE:_PAGE=PAGE 
/MERGE:_TEXT=.text 
/SECTION:INIT,d 
/OPT:REF 
/OPT:ICF 
/IGNORE:4198,4010,4037,4039,4065,4070,4078,4087,4089,4221 
/INCREMENTAL:NO 
/FULLBUILD 
/release 
/NODEFAULTLIB 
/WX 
/debug 
/debugtype:cv 
/version:6.0 
/osversion:6.0 
/functionpadmin:5 
/safeseh 
/debug 
/debugtype:cv,fixup 
/pdbcompress 
/STACK:0x40000,0x1000 
/driver 
/base:0x10000 
/subsystem:native,6.00 
/entry:GsDriverEntry@8 
/out:objfre_wlh_x86\i386\CrArkSys.sys 
objfre_wlh_x86\i386\crarksys.res 
objfre_wlh_x86\i386\crarksys.obj 
objfre_wlh_x86\i386\hashtable.obj 
objfre_wlh_x86\i386\enviroment.obj 
objfre_wlh_x86\i386\ade32.obj 
objfre_wlh_x86\i386\procenum.obj 
objfre_wlh_x86\i386\query.obj 
objfre_wlh_x86\i386\helper.obj 
objfre_wlh_x86\i386\dispatch.obj 
C:\WinDDK\6000\lib\wlh\i386\BufferOverflowK.lib 
C:\WinDDK\6000\lib\wlh\i386\ntoskrnl.lib 
C:\WinDDK\6000\lib\wlh\i386\hal.lib 
C:\WinDDK\6000\lib\wlh\i386\wmilib.lib 
